2025-10-23T17:09:45+0000 [3343] INFO --- DNF5 launched with arguments: "dnf update" ---
2025-10-23T17:09:45+0000 [3343] DEBUG Loading plugin file="/usr/lib64/dnf5/plugins/builddep_cmd_plugin.so"
2025-10-23T17:09:45+0000 [3343] INFO Loaded dnf5 plugin "builddep" ("/usr/lib64/dnf5/plugins/builddep_cmd_plugin.so") version "1.0.0"
2025-10-23T17:09:45+0000 [3343] DEBUG Loading plugin file="/usr/lib64/dnf5/plugins/changelog_cmd_plugin.so"
2025-10-23T17:09:45+0000 [3343] INFO Loaded dnf5 plugin "changelog" ("/usr/lib64/dnf5/plugins/changelog_cmd_plugin.so") version "1.0.0"
2025-10-23T17:09:45+0000 [3343] DEBUG Loading plugin file="/usr/lib64/dnf5/plugins/config-manager_cmd_plugin.so"
2025-10-23T17:09:45+0000 [3343] INFO Loaded dnf5 plugin "config-manager" ("/usr/lib64/dnf5/plugins/config-manager_cmd_plugin.so") version "0.1.0"
2025-10-23T17:09:45+0000 [3343] DEBUG Loading plugin file="/usr/lib64/dnf5/plugins/copr_cmd_plugin.so"
2025-10-23T17:09:45+0000 [3343] INFO Loaded dnf5 plugin "copr" ("/usr/lib64/dnf5/plugins/copr_cmd_plugin.so") version "0.1.0"
2025-10-23T17:09:45+0000 [3343] DEBUG Loading plugin file="/usr/lib64/dnf5/plugins/needs_restarting_cmd_plugin.so"
2025-10-23T17:09:45+0000 [3343] INFO Loaded dnf5 plugin "needs_restarting" ("/usr/lib64/dnf5/plugins/needs_restarting_cmd_plugin.so") version "1.0.0"
2025-10-23T17:09:45+0000 [3343] DEBUG Loading plugin file="/usr/lib64/dnf5/plugins/repoclosure_cmd_plugin.so"
2025-10-23T17:09:45+0000 [3343] INFO Loaded dnf5 plugin "repoclosure" ("/usr/lib64/dnf5/plugins/repoclosure_cmd_plugin.so") version "1.0.0"
2025-10-23T17:09:45+0000 [3343] DEBUG Loading plugin file="/usr/lib64/dnf5/plugins/reposync_cmd_plugin.so"
2025-10-23T17:09:45+0000 [3343] INFO Loaded dnf5 plugin "reposync" ("/usr/lib64/dnf5/plugins/reposync_cmd_plugin.so") version "1.0.0"
2025-10-23T17:09:45+0000 [3343] DEBUG Creating repo "copr:copr.fedorainfracloud.org:phracek:PyCharm" from config file "/etc/yum.repos.d/_copr:copr.fedorainfracloud.org:phracek:PyCharm.repo" section "copr:copr.fedorainfracloud.org:phracek:PyCharm"
2025-10-23T17:09:45+0000 [3343] DEBUG Creating repo "fedora-cisco-openh264" from config file "/etc/yum.repos.d/fedora-cisco-openh264.repo" section "fedora-cisco-openh264"
2025-10-23T17:09:45+0000 [3343] DEBUG Creating repo "fedora-cisco-openh264-debuginfo" from config file "/etc/yum.repos.d/fedora-cisco-openh264.repo" section "fedora-cisco-openh264-debuginfo"
2025-10-23T17:09:45+0000 [3343] DEBUG Creating repo "fedora-cisco-openh264-source" from config file "/etc/yum.repos.d/fedora-cisco-openh264.repo" section "fedora-cisco-openh264-source"
2025-10-23T17:09:45+0000 [3343] DEBUG Creating repo "updates-testing" from config file "/etc/yum.repos.d/fedora-updates-testing.repo" section "updates-testing"
2025-10-23T17:09:45+0000 [3343] DEBUG Creating repo "updates-testing-debuginfo" from config file "/etc/yum.repos.d/fedora-updates-testing.repo" section "updates-testing-debuginfo"
2025-10-23T17:09:45+0000 [3343] DEBUG Creating repo "updates-testing-source" from config file "/etc/yum.repos.d/fedora-updates-testing.repo" section "updates-testing-source"
2025-10-23T17:09:45+0000 [3343] DEBUG Creating repo "updates" from config file "/etc/yum.repos.d/fedora-updates.repo" section "updates"
2025-10-23T17:09:45+0000 [3343] DEBUG Creating repo "updates-debuginfo" from config file "/etc/yum.repos.d/fedora-updates.repo" section "updates-debuginfo"
2025-10-23T17:09:45+0000 [3343] DEBUG Creating repo "updates-source" from config file "/etc/yum.repos.d/fedora-updates.repo" section "updates-source"
2025-10-23T17:09:45+0000 [3343] DEBUG Creating repo "fedora" from config file "/etc/yum.repos.d/fedora.repo" section "fedora"
2025-10-23T17:09:45+0000 [3343] DEBUG Creating repo "fedora-debuginfo" from config file "/etc/yum.repos.d/fedora.repo" section "fedora-debuginfo"
2025-10-23T17:09:45+0000 [3343] DEBUG Creating repo "fedora-source" from config file "/etc/yum.repos.d/fedora.repo" section "fedora-source"
2025-10-23T17:09:45+0000 [3343] DEBUG Creating repo "google-chrome" from config file "/etc/yum.repos.d/google-chrome.repo" section "google-chrome"
2025-10-23T17:09:45+0000 [3343] DEBUG Creating repo "rpmfusion-nonfree-nvidia-driver" from config file "/etc/yum.repos.d/rpmfusion-nonfree-nvidia-driver.repo" section "rpmfusion-nonfree-nvidia-driver"
2025-10-23T17:09:45+0000 [3343] DEBUG Creating repo "rpmfusion-nonfree-nvidia-driver-debuginfo" from config file "/etc/yum.repos.d/rpmfusion-nonfree-nvidia-driver.repo" section "rpmfusion-nonfree-nvidia-driver-debuginfo"
2025-10-23T17:09:45+0000 [3343] DEBUG Creating repo "rpmfusion-nonfree-nvidia-driver-source" from config file "/etc/yum.repos.d/rpmfusion-nonfree-nvidia-driver.repo" section "rpmfusion-nonfree-nvidia-driver-source"
2025-10-23T17:09:45+0000 [3343] DEBUG Creating repo "rpmfusion-nonfree-steam" from config file "/etc/yum.repos.d/rpmfusion-nonfree-steam.repo" section "rpmfusion-nonfree-steam"
2025-10-23T17:09:45+0000 [3343] DEBUG Creating repo "rpmfusion-nonfree-steam-debuginfo" from config file "/etc/yum.repos.d/rpmfusion-nonfree-steam.repo" section "rpmfusion-nonfree-steam-debuginfo"
2025-10-23T17:09:45+0000 [3343] DEBUG Creating repo "rpmfusion-nonfree-steam-source" from config file "/etc/yum.repos.d/rpmfusion-nonfree-steam.repo" section "rpmfusion-nonfree-steam-source"
2025-10-23T17:09:45+0000 [3343] ERROR Command returned error: The requested operation requires superuser privileges. Please log in as a user with elevated rights, or use the "--assumeno" or "--downloadonly" options to run the command without modifying the system state.
